#
# A fatal error has been detected by the Java Runtime Environment:
#
#  EXCEPTION_ACCESS_VIOLATION (0xc0000005) at pc=0x00007ff8fd3443a3, pid=16164, tid=0x000000000000281c
#
# JRE version: OpenJDK Runtime Environment (8.0_112-b06) (build 1.8.0_112-release-b06)
# Java VM: OpenJDK 64-Bit Server VM (25.112-b06 mixed mode windows-amd64 compressed oops)
# Problematic frame:
# C  [ig75icd64.dll+0xd43a3]
#
# Failed to write core dump. Minidumps are not enabled by default on client versions of Windows
#
# If you would like to submit a bug report, please visit:
#   http://bugreport.java.com/bugreport/crash.jsp
# The crash happened outside the Java Virtual Machine in native code.
# See problematic frame for where to report the bug.
#

---------------  T H R E A D  ---------------

Current thread (0x000000001e425800):  JavaThread "LWJGL Application" [_thread_in_native, id=10268, stack(0x00000000200b0000,0x00000000201b0000)]

siginfo: ExceptionCode=0xc0000005, reading address 0x000000001fd819e0

Registers:
RAX=0x000000000000001f, RBX=0x000000000000ffff, RCX=0x0000000025298f6c, RDX=0x000000001fd819e0
RSP=0x00000000201ae868, RBP=0x0000000000060000, RSI=0x00000000201ae8e0, RDI=0x0000000000000000
R8 =0x000000000000000c, R9 =0x00000000201ae8e0, R10=0x000000000551758c, R11=0x0000000000000006
R12=0x000000000000000c, R13=0x0000000000000002, R14=0x00000000265fe630, R15=0x0000000020b954b0
RIP=0x00007ff8fd3443a3, EFLAGS=0x0000000000010202

Top of Stack: (sp=0x00000000201ae868)
0x00000000201ae868:   00007ff8fd346ba6 0000000025298f6c
0x00000000201ae878:   0000000020b70080 0000000000000006
0x00000000201ae888:   00000000201ae870 00000000201ae8f0
0x00000000201ae898:   0316c5c27bfd0004 0000000020b70080
0x00000000201ae8a8:   00007ff8fd577bb2 0000000000001403
0x00000000201ae8b8:   0000000000000000 0000000000000004
0x00000000201ae8c8:   0000000000000006 0000000000000000
0x00000000201ae8d8:   00007ff8fd5776f6 000000002610fe00
0x00000000201ae8e8:   0000000020b70080 000000002610fec0
0x00000000201ae8f8:   0000000000000004 0000000000000001
0x00000000201ae908:   00007ff8fd578af4 0000000020b70080
0x00000000201ae918:   0000000000000006 0000000000000000
0x00000000201ae928:   0000000000000000 0000000000000002
0x00000000201ae938:   0000000000000004 0000000020b70080
0x00000000201ae948:   00007ff8fd746ed4 0000000000000006
0x00000000201ae958:   0000000000000001 0000000000001403 

Instructions: (pc=0x00007ff8fd3443a3)
0x00007ff8fd344383:   c5 c2 07 66 41 3b c8 66 44 0f 43 c1 66 44 3b c0
0x00007ff8fd344393:   66 41 0f 43 c0 0f b7 f8 4d 85 db 74 2c 4c 2b d2
0x00007ff8fd3443a3:   0f b7 0a 48 8d 52 02 66 3b d9 0f b7 c1 66 41 89
0x00007ff8fd3443b3:   4c 12 fe 66 0f 46 c3 66 3b f9 66 0f 43 cf 0f b7 


Register to memory mapping:

RAX=0x000000000000001f is an unknown value
RBX=0x000000000000ffff is an unknown value
RCX=0x0000000025298f6c is an unknown value
RDX=0x000000001fd819e0 is an unknown value
RSP=0x00000000201ae868 is pointing into the stack for thread: 0x000000001e425800
RBP=0x0000000000060000 is an unknown value
RSI=0x00000000201ae8e0 is pointing into the stack for thread: 0x000000001e425800
RDI=0x0000000000000000 is an unknown value
R8 =0x000000000000000c is an unknown value
R9 =0x00000000201ae8e0 is pointing into the stack for thread: 0x000000001e425800
R10=0x000000000551758c is an unknown value
R11=0x0000000000000006 is an unknown value
R12=0x000000000000000c is an unknown value
R13=0x0000000000000002 is an unknown value
R14=0x00000000265fe630 is an unknown value
R15=0x0000000020b954b0 is an unknown value


Stack: [0x00000000200b0000,0x00000000201b0000],  sp=0x00000000201ae868,  free space=1018k
Native frames: (J=compiled Java code, j=interpreted, Vv=VM code, C=native code)
C  [ig75icd64.dll+0xd43a3]
C  [ig75icd64.dll+0xd6ba6]
C  [ig75icd64.dll+0x3076f6]
C  [ig75icd64.dll+0x308af4]
C  [ig75icd64.dll+0x4d6ed4]
C  [ig75icd64.dll+0x4d7711]
C  0x000000000297bedc

Java frames: (J=compiled Java code, j=interpreted, Vv=VM code)
J 586  org.lwjgl.opengl.GL11.nglDrawElements(IIIJJ)V (0 bytes) @ 0x000000000297be56 [0x000000000297be00+0x56]
J 583 C1 org.lwjgl.opengl.GL11.glDrawElements(ILjava/nio/ShortBuffer;)V (38 bytes) @ 0x000000000298230c [0x0000000002981a40+0x8cc]
J 592 C1 com.badlogic.gdx.backends.lwjgl.LwjglGL20.glDrawElements(IIILjava/nio/Buffer;)V (124 bytes) @ 0x000000000298c26c [0x000000000298b4e0+0xd8c]
J 561 C1 com.badlogic.gdx.graphics.Mesh.render(Lcom/badlogic/gdx/graphics/glutils/ShaderProgram;IIIZ)V (182 bytes) @ 0x00000000029740bc [0x00000000029739e0+0x6dc]
j  com.badlogic.gdx.graphics.Mesh.render(Lcom/badlogic/gdx/graphics/glutils/ShaderProgram;III)V+10
j  com.badlogic.gdx.graphics.g2d.SpriteBatch.flush()V+176
J 749 C2 com.badlogic.gdx.graphics.g2d.BitmapFontCache.draw(Lcom/badlogic/gdx/graphics/g2d/Batch;)V (73 bytes) @ 0x0000000002a1ee98 [0x0000000002a1ed40+0x158]
J 663 C1 com.mygdx.drop.GameScreen.render(F)V (792 bytes) @ 0x00000000029c923c [0x00000000029c79a0+0x189c]
J 715 C1 com.mygdx.drop.Drop.render()V (5 bytes) @ 0x0000000002a008fc [0x0000000002a006e0+0x21c]
j  com.badlogic.gdx.backends.lwjgl.LwjglApplication.mainLoop()V+698
j  com.badlogic.gdx.backends.lwjgl.LwjglApplication$1.run()V+27
v  ~StubRoutines::call_stub

---------------  P R O C E S S  ---------------

Java Threads: ( => current thread )
  0x000000001f4fe800 JavaThread "LWJGL Timer" daemon [_thread_blocked, id=13980, stack(0x0000000026f80000,0x0000000027080000)]
  0x00000000025f3000 JavaThread "DestroyJavaVM" [_thread_blocked, id=7056, stack(0x00000000024f0000,0x00000000025f0000)]
=>0x000000001e425800 JavaThread "LWJGL Application" [_thread_in_native, id=10268, stack(0x00000000200b0000,0x00000000201b0000)]
  0x000000001e29d000 JavaThread "Monitor Ctrl-Break" daemon [_thread_in_native, id=14212, stack(0x000000001ee40000,0x000000001ef40000)]
  0x000000001e119000 JavaThread "Service Thread" daemon [_thread_blocked, id=9300, stack(0x000000001ec40000,0x000000001ed40000)]
  0x000000001e085000 JavaThread "C1 CompilerThread3" daemon [_thread_blocked, id=12028, stack(0x000000001eb40000,0x000000001ec40000)]
  0x000000001e082000 JavaThread "C2 CompilerThread2" daemon [_thread_blocked, id=7088, stack(0x000000001ea40000,0x000000001eb40000)]
  0x000000001e07f000 JavaThread "C2 CompilerThread1" daemon [_thread_blocked, id=11512, stack(0x000000001e940000,0x000000001ea40000)]
  0x000000001e078800 JavaThread "C2 CompilerThread0" daemon [_thread_blocked, id=6956, stack(0x000000001e840000,0x000000001e940000)]
  0x000000001e075800 JavaThread "Attach Listener" daemon [_thread_blocked, id=11320, stack(0x000000001e740000,0x000000001e840000)]
  0x000000001c15e000 JavaThread "Signal Dispatcher" daemon [_thread_blocked, id=9292, stack(0x000000001e640000,0x000000001e740000)]
  0x000000001e070800 JavaThread "Finalizer" daemon [_thread_blocked, id=14760, stack(0x000000001e450000,0x000000001e550000)]
  0x000000001c14b800 JavaThread "Reference Handler" daemon [_thread_blocked, id=9512, stack(0x000000001df50000,0x000000001e050000)]

Other Threads:
  0x000000001c147000 VMThread [stack: 0x000000001de50000,0x000000001df50000] [id=9016]
  0x000000001e11b000 WatcherThread [stack: 0x000000001ed40000,0x000000001ee40000] [id=14704]

VM state:not at safepoint (normal execution)

VM Mutex/Monitor currently owned by a thread: None

Heap:
 PSYoungGen      total 76288K, used 22739K [0x000000076b180000, 0x0000000770680000, 0x00000007c0000000)
  eden space 65536K, 34% used [0x000000076b180000,0x000000076c7b4fb8,0x000000076f180000)
  from space 10752K, 0% used [0x000000076fc00000,0x000000076fc00000,0x0000000770680000)
  to   space 10752K, 0% used [0x000000076f180000,0x000000076f180000,0x000000076fc00000)
 ParOldGen       total 175104K, used 0K [0x00000006c1400000, 0x00000006cbf00000, 0x000000076b180000)
  object space 175104K, 0% used [0x00000006c1400000,0x00000006c1400000,0x00000006cbf00000)
 Metaspace       used 9053K, capacity 9139K, committed 9344K, reserved 1058816K
  class space    used 852K, capacity 880K, committed 896K, reserved 1048576K

Card table byte_map: [0x0000000011ab0000,0x00000000122b0000] byte_map_base: 0x000000000e4a6000

Marking Bits: (ParMarkBitMap*) 0x00000000609118f0
 Begin Bits: [0x0000000013000000, 0x0000000016fb0000)
 End Bits:   [0x0000000016fb0000, 0x000000001af60000)

Polling page: 0x00000000009b0000

CodeCache: size=245760Kb used=3475Kb max_used=3476Kb free=242284Kb
 bounds [0x00000000026f0000, 0x0000000002a60000, 0x00000000116f0000]
 total_blobs=1301 nmethods=834 adapters=381
 compilation: enabled

Compilation events (10 events):
Event: 63.656 Thread 0x000000001e085000  830       3       org.lwjgl.opengl.WindowsDisplay::shouldGrab (26 bytes)
Event: 63.656 Thread 0x000000001e085000 nmethod 830 0x0000000002a57010 code [0x0000000002a57180, 0x0000000002a57550]
Event: 63.662 Thread 0x000000001e085000  831  s    3       java.io.ByteArrayOutputStream::write (66 bytes)
Event: 63.663 Thread 0x000000001e085000 nmethod 831 0x0000000002a56590 code [0x0000000002a56740, 0x0000000002a56da8]
Event: 63.663 Thread 0x000000001e085000  832       3       java.io.ByteArrayOutputStream::ensureCapacity (16 bytes)
Event: 63.663 Thread 0x000000001e085000 nmethod 832 0x0000000002a56190 code [0x0000000002a56300, 0x0000000002a564e8]
Event: 63.733 Thread 0x000000001e085000  833       3       java.io.FilterInputStream::read (8 bytes)
Event: 63.733 Thread 0x000000001e085000 nmethod 833 0x0000000002a55d50 code [0x0000000002a55ec0, 0x0000000002a560e8]
Event: 63.739 Thread 0x000000001e085000  834       3       com.badlogic.gdx.backends.lwjgl.audio.Wav$WavInputStream::read (41 bytes)
Event: 63.739 Thread 0x000000001e085000 nmethod 834 0x0000000002a55510 code [0x0000000002a556a0, 0x0000000002a55b68]

GC Heap History (0 events):
No events

Deoptimization events (10 events):
Event: 40.588 Thread 0x000000001e425800 Uncommon trap: reason=unstable_if action=reinterpret pc=0x00000000028f57bc method=java.lang.String.<init>([CII)V @ 18
Event: 40.603 Thread 0x000000001e425800 Uncommon trap: reason=bimorphic action=maybe_recompile pc=0x00000000029f201c method=com.badlogic.gdx.utils.ObjectMap.get(Ljava/lang/Object;)Ljava/lang/Object; @ 1
Event: 40.604 Thread 0x000000001e425800 Uncommon trap: reason=bimorphic action=maybe_recompile pc=0x00000000029f201c method=com.badlogic.gdx.utils.ObjectMap.get(Ljava/lang/Object;)Ljava/lang/Object; @ 1
Event: 40.612 Thread 0x000000001e425800 Uncommon trap: reason=unstable_if action=reinterpret pc=0x00000000029f1fec method=com.badlogic.gdx.utils.ObjectMap.get(Ljava/lang/Object;)Ljava/lang/Object; @ 22
Event: 40.645 Thread 0x000000001e425800 Uncommon trap: reason=unstable_if action=reinterpret pc=0x0000000002973528 method=com.badlogic.gdx.utils.Array.add(Ljava/lang/Object;)V @ 11
Event: 57.857 Thread 0x000000001e425800 Uncommon trap: reason=unstable_if action=reinterpret pc=0x0000000002a0582c method=com.badlogic.gdx.utils.ObjectMap.get(Ljava/lang/Object;)Ljava/lang/Object; @ 22
Event: 57.858 Thread 0x000000001e425800 Uncommon trap: reason=bimorphic action=maybe_recompile pc=0x0000000002a08818 method=com.badlogic.gdx.utils.Pool.reset(Ljava/lang/Object;)V @ 11
Event: 57.874 Thread 0x000000001e425800 Uncommon trap: reason=bimorphic action=maybe_recompile pc=0x0000000002a08818 method=com.badlogic.gdx.utils.Pool.reset(Ljava/lang/Object;)V @ 11
Event: 57.891 Thread 0x000000001e425800 Uncommon trap: reason=bimorphic action=maybe_recompile pc=0x0000000002a08818 method=com.badlogic.gdx.utils.Pool.reset(Ljava/lang/Object;)V @ 11
Event: 57.908 Thread 0x000000001e425800 Uncommon trap: reason=bimorphic action=maybe_recompile pc=0x0000000002a08818 method=com.badlogic.gdx.utils.Pool.reset(Ljava/lang/Object;)V @ 11

Internal exceptions (10 events):
Event: 0.156 Thread 0x00000000025f3000 Exception <a 'java/security/PrivilegedActionException'> (0x000000076b62f398) thrown at [C:\src\android\AOSP-openjdk\external\jetbrains\jdk\hotspot\src\share\vm\prims\jvm.cpp, line 1390]
Event: 0.156 Thread 0x00000000025f3000 Exception <a 'java/security/PrivilegedActionException'> (0x000000076b62f5a8) thrown at [C:\src\android\AOSP-openjdk\external\jetbrains\jdk\hotspot\src\share\vm\prims\jvm.cpp, line 1390]
Event: 0.156 Thread 0x00000000025f3000 Exception <a 'java/security/PrivilegedActionException'> (0x000000076b6307a8) thrown at [C:\src\android\AOSP-openjdk\external\jetbrains\jdk\hotspot\src\share\vm\prims\jvm.cpp, line 1390]
Event: 0.157 Thread 0x00000000025f3000 Exception <a 'java/security/PrivilegedActionException'> (0x000000076b6309b8) thrown at [C:\src\android\AOSP-openjdk\external\jetbrains\jdk\hotspot\src\share\vm\prims\jvm.cpp, line 1390]
Event: 0.452 Thread 0x00000000025f3000 Exception <a 'java/security/PrivilegedActionException'> (0x000000076b76cdb0) thrown at [C:\src\android\AOSP-openjdk\external\jetbrains\jdk\hotspot\src\share\vm\prims\jvm.cpp, line 1390]
Event: 0.452 Thread 0x00000000025f3000 Exception <a 'java/security/PrivilegedActionException'> (0x000000076b76ea88) thrown at [C:\src\android\AOSP-openjdk\external\jetbrains\jdk\hotspot\src\share\vm\prims\jvm.cpp, line 1390]
Event: 0.452 Thread 0x00000000025f3000 Exception <a 'java/security/PrivilegedActionException'> (0x000000076b76fbf8) thrown at [C:\src\android\AOSP-openjdk\external\jetbrains\jdk\hotspot\src\share\vm\prims\jvm.cpp, line 1390]
Event: 0.453 Thread 0x00000000025f3000 Exception <a 'java/security/PrivilegedActionException'> (0x000000076b774d60) thrown at [C:\src\android\AOSP-openjdk\external\jetbrains\jdk\hotspot\src\share\vm\prims\jvm.cpp, line 1390]
Event: 0.453 Thread 0x00000000025f3000 Exception <a 'java/security/PrivilegedActionException'> (0x000000076b7759b8) thrown at [C:\src\android\AOSP-openjdk\external\jetbrains\jdk\hotspot\src\share\vm\prims\jvm.cpp, line 1390]
Event: 0.453 Thread 0x00000000025f3000 Exception <a 'java/security/PrivilegedActionException'> (0x000000076b7765e0) thrown at [C:\src\android\AOSP-openjdk\external\jetbrains\jdk\hotspot\src\share\vm\prims\jvm.cpp, line 1390]

Events (10 events):
Event: 57.891 Thread 0x000000001e425800 Uncommon trap: trap_request=0xffffffc6 fr.pc=0x0000000002a08818
Event: 57.891 Thread 0x000000001e425800 DEOPT PACKING pc=0x0000000002a08818 sp=0x00000000201af040
Event: 57.891 Thread 0x000000001e425800 DEOPT UNPACKING pc=0x000000000273556a sp=0x00000000201aefa8 mode 2
Event: 57.908 Thread 0x000000001e425800 Uncommon trap: trap_request=0xffffffc6 fr.pc=0x0000000002a08818
Event: 57.908 Thread 0x000000001e425800 DEOPT PACKING pc=0x0000000002a08818 sp=0x00000000201af040
Event: 57.908 Thread 0x000000001e425800 DEOPT UNPACKING pc=0x000000000273556a sp=0x00000000201aefa8 mode 2
Event: 58.308 loading class com/badlogic/gdx/scenes/scene2d/InputListener$1
Event: 58.308 loading class com/badlogic/gdx/scenes/scene2d/InputListener$1 done
Event: 63.656 loading class com/badlogic/gdx/utils/TimeUtils
Event: 63.656 loading class com/badlogic/gdx/utils/TimeUtils done


Dynamic libraries:
0x00007ff679a20000 - 0x00007ff679a51000 	D:\Android Dev\jre\bin\java.exe
0x00007ff94e4b0000 - 0x00007ff94e68b000 	C:\WINDOWS\SYSTEM32\ntdll.dll
0x00007ff9357f0000 - 0x00007ff935823000 	C:\Program Files\AVAST Software\Avast\x64\aswhooka.dll
0x00007ff94c490000 - 0x00007ff94c53e000 	C:\WINDOWS\System32\KERNEL32.DLL
0x00007ff94b480000 - 0x00007ff94b6c9000 	C:\WINDOWS\System32\KERNELBASE.dll
0x00007ff94c380000 - 0x00007ff94c421000 	C:\WINDOWS\System32\ADVAPI32.dll
0x00007ff94c2e0000 - 0x00007ff94c37d000 	C:\WINDOWS\System32\msvcrt.dll
0x00007ff94c690000 - 0x00007ff94c6e9000 	C:\WINDOWS\System32\sechost.dll
0x00007ff94bfe0000 - 0x00007ff94c105000 	C:\WINDOWS\System32\RPCRT4.dll
0x00007ff94cce0000 - 0x00007ff94ce2a000 	C:\WINDOWS\System32\USER32.dll
0x00007ff94b6d0000 - 0x00007ff94b6ee000 	C:\WINDOWS\System32\win32u.dll
0x00007ff94c130000 - 0x00007ff94c157000 	C:\WINDOWS\System32\GDI32.dll
0x00007ff94a9d0000 - 0x00007ff94ab59000 	C:\WINDOWS\System32\gdi32full.dll
0x00007ff94b970000 - 0x00007ff94ba0a000 	C:\WINDOWS\System32\msvcp_win.dll
0x00007ff94ac20000 - 0x00007ff94ad16000 	C:\WINDOWS\System32\ucrtbase.dll
0x00007ff93f680000 - 0x00007ff93f8e7000 	C:\WINDOWS\WinSxS\amd64_microsoft.windows.common-controls_6595b64144ccf1df_6.0.15063.0_none_108e4f62dfe5d999\COMCTL32.dll
0x00007ff94c9d0000 - 0x00007ff94ccc9000 	C:\WINDOWS\System32\combase.dll
0x00007ff94abb0000 - 0x00007ff94ac1a000 	C:\WINDOWS\System32\bcryptPrimitives.dll
0x00007ff94e480000 - 0x00007ff94e4ad000 	C:\WINDOWS\System32\IMM32.DLL
0x0000000061720000 - 0x00000000617f2000 	D:\Android Dev\jre\jre\bin\msvcr100.dll
0x0000000060150000 - 0x000000006098c000 	D:\Android Dev\jre\jre\bin\server\jvm.dll
0x00007ff94ccd0000 - 0x00007ff94ccd8000 	C:\WINDOWS\System32\PSAPI.DLL
0x00007ff935540000 - 0x00007ff935549000 	C:\WINDOWS\SYSTEM32\WSOCK32.dll
0x00007ff94e410000 - 0x00007ff94e47c000 	C:\WINDOWS\System32\WS2_32.dll
0x00007ff948bc0000 - 0x00007ff948be3000 	C:\WINDOWS\SYSTEM32\WINMM.dll
0x00007ff945370000 - 0x00007ff94537a000 	C:\WINDOWS\SYSTEM32\VERSION.dll
0x00007ff948b30000 - 0x00007ff948b5b000 	C:\WINDOWS\SYSTEM32\WINMMBASE.dll
0x00007ff94ab60000 - 0x00007ff94aba9000 	C:\WINDOWS\System32\cfgmgr32.dll
0x00007ff944df0000 - 0x00007ff944dff000 	D:\Android Dev\jre\jre\bin\verify.dll
0x00007ff93e1e0000 - 0x00007ff93e209000 	D:\Android Dev\jre\jre\bin\java.dll
0x00007ff944400000 - 0x00007ff944416000 	D:\Android Dev\jre\jre\bin\zip.dll
0x00007ff94cfd0000 - 0x00007ff94e407000 	C:\WINDOWS\System32\SHELL32.dll
0x00007ff94c800000 - 0x00007ff94c8aa000 	C:\WINDOWS\System32\shcore.dll
0x00007ff94ad80000 - 0x00007ff94b472000 	C:\WINDOWS\System32\windows.storage.dll
0x00007ff94c430000 - 0x00007ff94c481000 	C:\WINDOWS\System32\shlwapi.dll
0x00007ff94a990000 - 0x00007ff94a9a1000 	C:\WINDOWS\System32\kernel.appcore.dll
0x00007ff94a920000 - 0x00007ff94a96c000 	C:\WINDOWS\System32\powrprof.dll
0x00007ff94a970000 - 0x00007ff94a985000 	C:\WINDOWS\System32\profapi.dll
0x00007ff945360000 - 0x00007ff94536f000 	D:\Android Dev\bin\breakgen64.dll
0x00007ff93e1c0000 - 0x00007ff93e1da000 	D:\Android Dev\jre\jre\bin\net.dll
0x00007ff94a230000 - 0x00007ff94a28c000 	C:\WINDOWS\system32\mswsock.dll
0x0000000065580000 - 0x0000000065616000 	C:\Users\Andreas\AppData\Local\Temp\libgdxAndreas\a9daadd6\gdx64.dll
0x00007ff94a3d0000 - 0x00007ff94a3e7000 	C:\WINDOWS\SYSTEM32\CRYPTSP.dll
0x00007ff949e50000 - 0x00007ff949e84000 	C:\WINDOWS\system32\rsaenh.dll
0x00007ff94a4e0000 - 0x00007ff94a505000 	C:\WINDOWS\SYSTEM32\bcrypt.dll
0x00007ff94a820000 - 0x00007ff94a849000 	C:\WINDOWS\SYSTEM32\USERENV.dll
0x00007ff94a3f0000 - 0x00007ff94a3fb000 	C:\WINDOWS\SYSTEM32\CRYPTBASE.dll
0x00007ff949fd0000 - 0x00007ff94a007000 	C:\WINDOWS\SYSTEM32\IPHLPAPI.DLL
0x00007ff94c2d0000 - 0x00007ff94c2d8000 	C:\WINDOWS\System32\NSI.dll
0x00007ff945340000 - 0x00007ff945356000 	C:\WINDOWS\SYSTEM32\dhcpcsvc6.DLL
0x00007ff945710000 - 0x00007ff94572a000 	C:\WINDOWS\SYSTEM32\dhcpcsvc.DLL
0x00007ff93e1a0000 - 0x00007ff93e1b1000 	D:\Android Dev\jre\jre\bin\nio.dll
0x0000000180000000 - 0x0000000180053000 	C:\Users\Andreas\AppData\Local\Temp\libgdxAndreas\dc0f0009\lwjgl64.dll
0x00007ff92bf60000 - 0x00007ff92c081000 	C:\WINDOWS\SYSTEM32\OPENGL32.dll
0x00007ff931c50000 - 0x00007ff931c7c000 	C:\WINDOWS\SYSTEM32\GLU32.dll
0x000000001ef40000 - 0x000000001efa4000 	C:\Users\Andreas\AppData\Local\Temp\libgdxAndreas\dc0f0009\OpenAL64.dll
0x00007ff94c540000 - 0x00007ff94c684000 	C:\WINDOWS\System32\ole32.dll
0x00007ff948fe0000 - 0x00007ff949075000 	C:\WINDOWS\system32\uxtheme.dll
0x00007ff94c8b0000 - 0x00007ff94c94e000 	C:\WINDOWS\System32\clbcatq.dll
0x00007ff947220000 - 0x00007ff9473b6000 	C:\WINDOWS\System32\PROPSYS.dll
0x00007ff94ba80000 - 0x00007ff94bb3f000 	C:\WINDOWS\System32\OLEAUT32.dll
0x00007ff9201b0000 - 0x00007ff92023c000 	C:\WINDOWS\SYSTEM32\dsound.dll
0x00007ff9440c0000 - 0x00007ff944127000 	C:\WINDOWS\System32\MMDevApi.dll
0x00007ff9494a0000 - 0x00007ff9494c8000 	C:\WINDOWS\System32\DEVOBJ.dll
0x00007ff940660000 - 0x00007ff940765000 	C:\WINDOWS\SYSTEM32\AUDIOSES.DLL
0x00007ff9470e0000 - 0x00007ff947219000 	C:\WINDOWS\SYSTEM32\wintypes.dll
0x00007ff9470b0000 - 0x00007ff9470bb000 	C:\WINDOWS\SYSTEM32\AVRT.dll
0x00007ff94c160000 - 0x00007ff94c2c6000 	C:\WINDOWS\System32\MSCTF.dll
0x00007ff947680000 - 0x00007ff9476aa000 	C:\WINDOWS\system32\dwmapi.dll
0x00007ff944130000 - 0x00007ff9441b2000 	C:\WINDOWS\System32\TextInputFramework.dll
0x00007ff9460e0000 - 0x00007ff9463b2000 	C:\WINDOWS\System32\CoreUIComponents.dll
0x00007ff9484a0000 - 0x00007ff948583000 	C:\WINDOWS\System32\CoreMessaging.dll
0x00007ff949c80000 - 0x00007ff949cb1000 	C:\WINDOWS\SYSTEM32\ntmarta.dll
0x00007ff947660000 - 0x00007ff947675000 	C:\WINDOWS\SYSTEM32\usermgrcli.dll
0x00007ff8fd270000 - 0x00007ff8fddb6000 	C:\WINDOWS\SYSTEM32\ig75icd64.dll
0x00007ff941530000 - 0x00007ff941f70000 	C:\WINDOWS\SYSTEM32\igdusc64.dll
0x00007ff946e00000 - 0x00007ff946e13000 	C:\WINDOWS\SYSTEM32\WTSAPI32.dll
0x00007ff9449b0000 - 0x00007ff944a43000 	C:\WINDOWS\SYSTEM32\mscms.dll
0x00007ff93dd30000 - 0x00007ff93dd71000 	C:\WINDOWS\SYSTEM32\icm32.dll
0x00007ff938000000 - 0x00007ff9381a9000 	C:\WINDOWS\SYSTEM32\dbghelp.dll

VM Arguments:
jvm_args: -Didea.launcher.port=7537 -Didea.launcher.bin.path=D:\Android Dev\bin -Dfile.encoding=UTF-8 
java_command: com.intellij.rt.execution.application.AppMain com.mygdx.drop.desktop.DesktopLauncher
java_class_path (initial): D:\Android Dev\jre\jre\lib\charsets.jar;D:\Android Dev\jre\jre\lib\ext\access-bridge-64.jar;D:\Android Dev\jre\jre\lib\ext\cldrdata.jar;D:\Android Dev\jre\jre\lib\ext\dnsns.jar;D:\Android Dev\jre\jre\lib\ext\jaccess.jar;D:\Android Dev\jre\jre\lib\ext\localedata.jar;D:\Android Dev\jre\jre\lib\ext\nashorn.jar;D:\Android Dev\jre\jre\lib\ext\sunec.jar;D:\Android Dev\jre\jre\lib\ext\sunjce_provider.jar;D:\Android Dev\jre\jre\lib\ext\sunmscapi.jar;D:\Android Dev\jre\jre\lib\ext\sunpkcs11.jar;D:\Android Dev\jre\jre\lib\ext\zipfs.jar;D:\Android Dev\jre\jre\lib\jce.jar;D:\Android Dev\jre\jre\lib\jsse.jar;D:\Android Dev\jre\jre\lib\management-agent.jar;D:\Android Dev\jre\jre\lib\resources.jar;D:\Android Dev\jre\jre\lib\rt.jar;D:\LibGdxDrop\desktop\build\classes\main;D:\LibGdxDrop\core\build\classes\main;C:\Users\Andreas\.gradle\caches\modules-2\files-2.1\com.badlogicgames.gdx\gdx\1.9.5\dc65bb2f51828c58b1b2b3ac585357204d54ee5f\gdx-1.9.5.jar;C:\Users\Andreas\.gradle\caches\modules-2\files-2.1\com.badlogicgames.gdx\gdx-box2d\1.9.5\c8098219abfe00b849cc43d461b1105fea3a2944\gdx-box2d-1.9.5.jar;D:\LibGdxDrop\core\build\libs\core-1.2.jar;C:\Users\Andreas\.gradle\caches\modules-2\files-2.1\com.badlogicgames.gdx\gdx-backend-lwjgl\1.9.5\ad5223b755809a92f44e7f6208f4af6a3b39dcc0\gdx-backend-lwjgl-1.9.5.jar;C:\Users\Andreas\.gradle\caches\modules-2\files-2.1\com.badlogicgames.gdx\gdx-platform\1.9.5\bc0c7ee7fca96eb3c691b5a87cf11fd4d9f1bab6\gdx-platform-1.9.5-natives-desktop.jar;C:\Users\Andreas\.gradle\caches\modules-2\files-2.1\com.badlogicgames.gdx\gdx-box2d-platform\1.9.5\949c188c91f775dd9f17725989dfc20e1be44f76\gdx-box2d-platform-1.9.5-natives-desktop.jar;C:\Users\Andreas\.gradle\caches\modules-2\files-2.1\org.lwjgl.lwjgl\lwjgl\2.9.2\a9d80fe5935c7a9149f6584d9777cfd471f65489\lwjgl-2.9.2.jar;C:\Users\Andreas\.gradle\caches\modules-2\files-2.1\org.lwjgl.lwjgl\lwjgl_util\2.9.2\4b9e37300a87799856e0bd15ed81663cdb6b0947\lwjgl_util-2.9.2.jar;C:\Users\Andreas\.gradle
Launcher Type: SUN_STANDARD

Environment Variables:
JAVA_HOME=C:\Program Files\Java\jdk1.8.0_65
JRE_HOME=C:\Program Files\Java\jre1.8.0_121
CLASSPATH=.;.;d:\jmf\lib\sound.jar;d:\jmf\lib\jmf.jar;d:\jmf\lib;
PATH=C:\ProgramData\Oracle\Java\javapath;C:\Program Files (x86)\Intel\iCLS Client\;C:\Program Files\Intel\iCLS Client\;C:\Windows\system32;C:\Windows;C:\Windows\System32\Wbem;C:\Windows\System32\WindowsPowerShell\v1.0\;C:\Program Files (x86)\Windows Live\Shared;C:\Program Files\Intel\WiFi\bin\;C:\Program Files\Common Files\Intel\WirelessCommon\;C:\Program Files\Intel\Intel(R) Management Engine Components\DAL;C:\Program Files\Intel\Intel(R) Management Engine Components\IPT;C:\Program Files (x86)\Intel\Intel(R) Management Engine Components\DAL;C:\Program Files (x86)\Intel\Intel(R) Management Engine Components\IPT;C:\WINDOWS\system32;C:\WINDOWS;C:\WINDOWS\System32\Wbem;C:\WINDOWS\System32\WindowsPowerShell\v1.0\;C:\Users\Andreas\.dnx\bin;C:\Program Files\Microsoft DNX\Dnvm\;C:\Program Files\SourceGear\Common\DiffMerge\;C:\Program Files\Java\jdk1.8.0_65\bin;C:\Program Files\nodejs\;C:\Strawberry\c\bin;C:\Strawberry\perl\site\bin;C:\Strawberry\perl\bin;C:\Program Files (x86)\GtkSharp\2.12\bin;C:\Program Files (x86)\WordNet\2.1;C:\Program Files\MiKTeX 2.9\miktex\bin\x64\;C:\Users\Andreas\Documents\ProTeXt-3.1.5-033015\Sumatra;C:\Program Files (x86)\NVIDIA Corporation\PhysX\Common;C:\WINDOWS\system32;C:\WINDOWS;C:\WINDOWS\System32\Wbem;C:\WINDOWS\System32\WindowsPowerShell\v1.0\;C:\Program Files\Microsoft SQL Server\130\Tools\Binn\;D:\command;D:\apache-maven-3.3.9-bin\apache-maven-3.3.9\bin;C:\Users\Andreas\AppData\Local\Programs\Python\Python35-32\Scripts\;C:\Users\Andreas\AppData\Local\Programs\Python\Python35-32\;C:\Program Files\Java\jdk1.8.0_65;C:\Users\Andreas\AppData\Roaming\npm;C:\Users\Andreas\AppData\Local\Microsoft\WindowsApps;
USERNAME=Andreas
OS=Windows_NT
PROCESSOR_IDENTIFIER=Intel64 Family 6 Model 60 Stepping 3, GenuineIntel



---------------  S Y S T E M  ---------------

OS: Windows 10.0 , 64 bit Build 15063 (10.0.15063.0)

CPU:total 8 (4 cores per cpu, 2 threads per core) family 6 model 60 stepping 3, cmov, cx8, fxsr, mmx, sse, sse2, sse3, ssse3, sse4.1, sse4.2, popcnt, avx, avx2, aes, clmul, erms, lzcnt, ht, tsc, tscinvbit, bmi1, bmi2

Memory: 4k page, physical 16694408k(10386208k free), swap 19709064k(11986260k free)

vm_info: OpenJDK 64-Bit Server VM (25.112-b06) for windows-amd64 JRE (1.8.0_112-release-b06), built on Dec  8 2016 00:54:26 by "builder" with MS VC++ 10.0 (VS2010)

time: Sat May 06 13:41:45 2017
elapsed time: 63 seconds (0d 0h 1m 3s)

